FILE_TYPE=LIBRARY_PARTS;
PRIMITIVE 'KR_5R5C105_R','KR_5R5C105_R_Other';
  PIN
    '+':
      PIN_NUMBER='(1)';
      NO_LOAD_CHECK=BOTH;
      NO_IO_CHECK=BOTH;
      ALLOW_CONNECT=TRUE;
      PINUSE='UNSPEC';
    '-':
      PIN_NUMBER='(2)';
      NO_LOAD_CHECK=BOTH;
      NO_IO_CHECK=BOTH;
      ALLOW_CONNECT=TRUE;
      PINUSE='UNSPEC';
  END_PIN;
  BODY
    PART_NAME='KR_5R5C105_R';
    PHYS_DES_PREFIX='C';
    NO_LOAD_CHECK='TRUE';
    PIN_COUNT='2';
    BODY_NAME='KR_5R5C105_R';
    JEDEC_TYPE='KR5R5C105R';
  END_BODY;
END_PRIMITIVE;
END.
